<?xml version="1.0" encoding="UTF-8"?>
<testsuite xmlns:xsi="http://www.w3.org/2001/XMLSchema-instance" xsi:noNamespaceSchemaLocation="https://maven.apache.org/surefire/maven-surefire-plugin/xsd/surefire-test-report.xsd" version="3.0.2" name="com.example.demo.DemoApplicationTests" time="7.348" tests="1" errors="0" skipped="0" failures="0">
  <properties>
[...]
</properties>
  <testcase name="contextLoads" classname="com.example.demo.DemoApplicationTests" time="1.187">
    <system-out><![CDATA[09:05:25.915 [main] INFO org.springframework.test.context.support.AnnotationConfigContextLoaderUtils -- Could not detect default configuration classes for test class [com.example.demo.DemoApplicationTests]: DemoApplicationTests does not declare any static, non-private, non-final, nested classes annotated with @Configuration.
09:05:26.227 [main] INFO org.springframework.boot.test.context.SpringBootTestContextBootstrapper -- Found @SpringBootConfiguration com.example.demo.DemoApplication for test class com.example.demo.DemoApplicationTests
09:05:26.648 [main] INFO org.springframework.boot.devtools.restart.RestartApplicationListener -- Restart disabled due to context in which it is running

  .   ____          _            __ _ _
 /\\ / ___'_ __ _ _(_)_ __  __ _ \ \ \ \
( ( )\___ | '_ | '_| | '_ \/ _` | \ \ \ \
 \\/  ___)| |_)| | | | | || (_| |  ) ) ) )
  '  |____| .__|_| |_|_| |_\__, | / / / /
 =========|_|==============|___/=/_/_/_/

 :: Spring Boot ::                (v3.5.3)

2025-07-15T09:05:27.335+05:30  INFO 28480 --- [demo] [           main] com.example.demo.DemoApplicationTests    : Starting DemoApplicationTests using Java 24.0.1 with PID 28480 (started by Admin in C:\Users\Admin\Desktop\New folder (4)\copy\inventory_management_API)
2025-07-15T09:05:27.339+05:30  INFO 28480 --- [demo] [           main] com.example.demo.DemoApplicationTests    : No active profile set, falling back to 1 default profile: "default"
2025-07-15T09:05:28.645+05:30  INFO 28480 --- [demo] [           main] .s.d.r.c.RepositoryConfigurationDelegate : Bootstrapping Spring Data MongoDB repositories in DEFAULT mode.
2025-07-15T09:05:28.807+05:30  INFO 28480 --- [demo] [           main] .s.d.r.c.RepositoryConfigurationDelegate : Finished Spring Data repository scanning in 133 ms. Found 3 MongoDB repository interfaces.
2025-07-15T09:05:29.813+05:30  INFO 28480 --- [demo] [           main] org.mongodb.driver.client                : MongoClient with metadata {"driver": {"name": "mongo-java-driver|sync|spring-boot", "version": "5.5.1"}, "os": {"type": "Windows", "name": "Windows 10", "architecture": "amd64", "version": "10.0"}, "platform": "Java/Oracle Corporation/24.0.1+9-30"} created with settings MongoClientSettings{readPreference=primary, writeConcern=WriteConcern{w=null, wTimeout=null ms, journal=null}, retryWrites=true, retryReads=true, readConcern=ReadConcern{level=null}, credential=MongoCredential{mechanism=null, userName='dipen_pharma', source='admin', password=<hidden>, mechanismProperties=<hidden>}, transportSettings=null, commandListeners=[], codecRegistry=ProvidersCodecRegistry{codecProviders=[ValueCodecProvider{}, BsonValueCodecProvider{}, DBRefCodecProvider{}, DBObjectCodecProvider{}, DocumentCodecProvider{}, CollectionCodecProvider{}, IterableCodecProvider{}, MapCodecProvider{}, GeoJsonCodecProvider{}, GridFSFileCodecProvider{}, Jsr310CodecProvider{}, JsonObjectCodecProvider{}, BsonCodecProvider{}, EnumCodecProvider{}, com.mongodb.client.model.mql.ExpressionCodecProvider@1b410308, com.mongodb.Jep395RecordCodecProvider@4b0bd001, com.mongodb.KotlinCodecProvider@f9cab00]}, loggerSettings=LoggerSettings{maxDocumentLength=1000}, clusterSettings={hosts=[127.0.0.1:27017], srvHost=medikraft.tztnyzc.mongodb.net, srvServiceName=mongodb, mode=MULTIPLE, requiredClusterType=REPLICA_SET, requiredReplicaSetName='atlas-uv18ny-shard-0', serverSelector='null', clusterListeners='[]', serverSelectionTimeout='30000 ms', localThreshold='15 ms'}, socketSettings=SocketSettings{connectTimeoutMS=10000, readTimeoutMS=0, receiveBufferSize=0, proxySettings=ProxySettings{host=null, port=null, username=null, password=null}}, heartbeatSocketSettings=SocketSettings{connectTimeoutMS=10000, readTimeoutMS=10000, receiveBufferSize=0, proxySettings=ProxySettings{host=null, port=null, username=null, password=null}}, connectionPoolSettings=ConnectionPoolSettings{maxSize=100, minSize=0, maxWaitTimeMS=120000, maxConnectionLifeTimeMS=0, maxConnectionIdleTimeMS=0, maintenanceInitialDelayMS=0, maintenanceFrequencyMS=60000, connectionPoolListeners=[], maxConnecting=2}, serverSettings=ServerSettings{heartbeatFrequencyMS=10000, minHeartbeatFrequencyMS=500, serverMonitoringMode=AUTO, serverListeners='[]', serverMonitorListeners='[]'}, sslSettings=SslSettings{enabled=true, invalidHostNameAllowed=false, context=null}, applicationName='null', compressorList=[], uuidRepresentation=JAVA_LEGACY, serverApi=null, autoEncryptionSettings=null, dnsClient=null, inetAddressResolver=null, contextProvider=null, timeoutMS=null}
2025-07-15T09:05:29.831+05:30  INFO 28480 --- [demo] [yzc.mongodb.net] org.mongodb.driver.cluster               : Adding discovered server ac-7azkqsg-shard-00-02.tztnyzc.mongodb.net:27017 to client view of cluster
2025-07-15T09:05:29.905+05:30  INFO 28480 --- [demo] [yzc.mongodb.net] org.mongodb.driver.cluster               : Adding discovered server ac-7azkqsg-shard-00-00.tztnyzc.mongodb.net:27017 to client view of cluster
2025-07-15T09:05:29.911+05:30  INFO 28480 --- [demo] [yzc.mongodb.net] org.mongodb.driver.cluster               : Adding discovered server ac-7azkqsg-shard-00-01.tztnyzc.mongodb.net:27017 to client view of cluster
2025-07-15T09:05:30.989+05:30  INFO 28480 --- [demo] [ngodb.net:27017] org.mongodb.driver.cluster               : Monitor thread successfully connected to server with description ServerDescription{address=ac-7azkqsg-shard-00-01.tztnyzc.mongodb.net:27017, type=REPLICA_SET_SECONDARY, cryptd=false, state=CONNECTED, ok=true, minWireVersion=0, maxWireVersion=25, maxDocumentSize=16777216, logicalSessionTimeoutMinutes=30, roundTripTimeNanos=649302500, minRoundTripTimeNanos=0, setName='atlas-uv18ny-shard-0', canonicalAddress=ac-7azkqsg-shard-00-01.tztnyzc.mongodb.net:27017, hosts=[ac-7azkqsg-shard-00-02.tztnyzc.mongodb.net:27017, ac-7azkqsg-shard-00-00.tztnyzc.mongodb.net:27017, ac-7azkqsg-shard-00-01.tztnyzc.mongodb.net:27017], passives=[], arbiters=[], primary='ac-7azkqsg-shard-00-02.tztnyzc.mongodb.net:27017', tagSet=TagSet{[Tag{name='availabilityZone', value='aps1-az3'}, Tag{name='diskState', value='READY'}, Tag{name='nodeType', value='ELECTABLE'}, Tag{name='provider', value='AWS'}, Tag{name='region', value='AP_SOUTH_1'}, Tag{name='workloadType', value='OPERATIONAL'}]}, electionId=null, setVersion=322, topologyVersion=TopologyVersion{processId=68715fe4e05c03382945be79, counter=3}, lastWriteDate=Tue Jul 15 09:05:30 IST 2025, lastUpdateTimeNanos=162210572425200}
2025-07-15T09:05:30.989+05:30  INFO 28480 --- [demo] [ngodb.net:27017] org.mongodb.driver.cluster               : Monitor thread successfully connected to server with description ServerDescription{address=ac-7azkqsg-shard-00-02.tztnyzc.mongodb.net:27017, type=REPLICA_SET_PRIMARY, cryptd=false, state=CONNECTED, ok=true, minWireVersion=0, maxWireVersion=25, maxDocumentSize=16777216, logicalSessionTimeoutMinutes=30, roundTripTimeNanos=666746500, minRoundTripTimeNanos=0, setName='atlas-uv18ny-shard-0', canonicalAddress=ac-7azkqsg-shard-00-02.tztnyzc.mongodb.net:27017, hosts=[ac-7azkqsg-shard-00-02.tztnyzc.mongodb.net:27017, ac-7azkqsg-shard-00-00.tztnyzc.mongodb.net:27017, ac-7azkqsg-shard-00-01.tztnyzc.mongodb.net:27017], passives=[], arbiters=[], primary='ac-7azkqsg-shard-00-02.tztnyzc.mongodb.net:27017', tagSet=TagSet{[Tag{name='availabilityZone', value='aps1-az2'}, Tag{name='diskState', value='READY'}, Tag{name='nodeType', value='ELECTABLE'}, Tag{name='provider', value='AWS'}, Tag{name='region', value='AP_SOUTH_1'}, Tag{name='workloadType', value='OPERATIONAL'}]}, electionId=7fffffff0000000000000119, setVersion=322, topologyVersion=TopologyVersion{processId=68715f9adbaab3a9d7b8794c, counter=6}, lastWriteDate=Tue Jul 15 09:05:30 IST 2025, lastUpdateTimeNanos=162210572425100}
2025-07-15T09:05:30.989+05:30  INFO 28480 --- [demo] [ngodb.net:27017] org.mongodb.driver.cluster               : Monitor thread successfully connected to server with description ServerDescription{address=ac-7azkqsg-shard-00-00.tztnyzc.mongodb.net:27017, type=REPLICA_SET_SECONDARY, cryptd=false, state=CONNECTED, ok=true, minWireVersion=0, maxWireVersion=25, maxDocumentSize=16777216, logicalSessionTimeoutMinutes=30, roundTripTimeNanos=649303200, minRoundTripTimeNanos=0, setName='atlas-uv18ny-shard-0', canonicalAddress=ac-7azkqsg-shard-00-00.tztnyzc.mongodb.net:27017, hosts=[ac-7azkqsg-shard-00-02.tztnyzc.mongodb.net:27017, ac-7azkqsg-shard-00-00.tztnyzc.mongodb.net:27017, ac-7azkqsg-shard-00-01.tztnyzc.mongodb.net:27017], passives=[], arbiters=[], primary='ac-7azkqsg-shard-00-02.tztnyzc.mongodb.net:27017', tagSet=TagSet{[Tag{name='availabilityZone', value='aps1-az1'}, Tag{name='diskState', value='READY'}, Tag{name='nodeType', value='ELECTABLE'}, Tag{name='provider', value='AWS'}, Tag{name='region', value='AP_SOUTH_1'}, Tag{name='workloadType', value='OPERATIONAL'}]}, electionId=null, setVersion=322, topologyVersion=TopologyVersion{processId=68715f503998bd669352b099, counter=4}, lastWriteDate=Tue Jul 15 09:05:30 IST 2025, lastUpdateTimeNanos=162210572425200}
2025-07-15T09:05:30.997+05:30  INFO 28480 --- [demo] [ngodb.net:27017] org.mongodb.driver.cluster               : Discovered replica set primary ac-7azkqsg-shard-00-02.tztnyzc.mongodb.net:27017 with max election id 7fffffff0000000000000119 and max set version 322
2025-07-15T09:05:31.696+05:30  INFO 28480 --- [demo] [           main] com.example.demo.DemoApplicationTests    : Started DemoApplicationTests in 5.083 seconds (process running for 7.482)
]]></system-out>
    <system-err><![CDATA[Mockito is currently self-attaching to enable the inline-mock-maker. This will no longer work in future releases of the JDK. Please add Mockito as an agent to your build as described in Mockito's documentation: https://javadoc.io/doc/org.mockito/mockito-core/latest/org.mockito/org/mockito/Mockito.html#0.3
WARNING: A Java agent has been loaded dynamically (C:\Users\Admin\.m2\repository\net\bytebuddy\byte-buddy-agent\1.17.6\byte-buddy-agent-1.17.6.jar)
WARNING: If a serviceability tool is in use, please run with -XX:+EnableDynamicAgentLoading to hide this warning
WARNING: If a serviceability tool is not in use, please run with -Djdk.instrument.traceUsage for more information
WARNING: Dynamic loading of agents will be disallowed by default in a future release
]]></system-err>
  </testcase>
</testsuite>